<?xml version="1.0" encoding="UTF-8"?>
<testsuite xmlns:xsi="http://www.w3.org/2001/XMLSchema-instance" xsi:noNamespaceSchemaLocation="https://maven.apache.org/surefire/maven-surefire-plugin/xsd/surefire-test-report-3.0.xsd" version="3.0" name="com.venomclasses.tresorseen.TresorSeenApplicationTests" time="34.336" tests="1" errors="0" skipped="0" failures="0">
  <properties>
    <property name="java.specification.version" value="20"/>
    <property name="sun.jnu.encoding" value="UTF-8"/>
    <property name="java.class.path" value="/media/venomcocytus/Neo Venom/Shared Data/Workspace/Database - Backend/SpringBoot/Tresor-Seen/target/test-classes:/media/venomcocytus/Neo Venom/Shared Data/Workspace/Database - Backend/SpringBoot/Tresor-Seen/target/classes:/home/venomcocytus/.m2/repository/org/springframework/boot/spring-boot-starter-web/3.1.5/spring-boot-starter-web-3.1.5.jar:/home/venomcocytus/.m2/repository/org/springframework/boot/spring-boot-starter/3.1.5/spring-boot-starter-3.1.5.jar:/home/venomcocytus/.m2/repository/org/springframework/boot/spring-boot/3.1.5/spring-boot-3.1.5.jar:/home/venomcocytus/.m2/repository/org/springframework/boot/spring-boot-autoconfigure/3.1.5/spring-boot-autoconfigure-3.1.5.jar:/home/venomcocytus/.m2/repository/org/springframework/boot/spring-boot-starter-logging/3.1.5/spring-boot-starter-logging-3.1.5.jar:/home/venomcocytus/.m2/repository/ch/qos/logback/logback-classic/1.4.11/logback-classic-1.4.11.jar:/home/venomcocytus/.m2/repository/ch/qos/logback/logback-core/1.4.11/logback-core-1.4.11.jar:/home/venomcocytus/.m2/repository/org/apache/logging/log4j/log4j-to-slf4j/2.20.0/log4j-to-slf4j-2.20.0.jar:/home/venomcocytus/.m2/repository/org/apache/logging/log4j/log4j-api/2.20.0/log4j-api-2.20.0.jar:/home/venomcocytus/.m2/repository/org/slf4j/jul-to-slf4j/2.0.9/jul-to-slf4j-2.0.9.jar:/home/venomcocytus/.m2/repository/jakarta/annotation/jakarta.annotation-api/2.1.1/jakarta.annotation-api-2.1.1.jar:/home/venomcocytus/.m2/repository/org/yaml/snakeyaml/1.33/snakeyaml-1.33.jar:/home/venomcocytus/.m2/repository/org/springframework/boot/spring-boot-starter-json/3.1.5/spring-boot-starter-json-3.1.5.jar:/home/venomcocytus/.m2/repository/com/fasterxml/jackson/core/jackson-databind/2.15.3/jackson-databind-2.15.3.jar:/home/venomcocytus/.m2/repository/com/fasterxml/jackson/core/jackson-annotations/2.15.3/jackson-annotations-2.15.3.jar:/home/venomcocytus/.m2/repository/com/fasterxml/jackson/core/jackson-core/2.15.3/jackson-core-2.15.3.jar:/home/venomcocytus/.m2/repository/com/fasterxml/jackson/datatype/jackson-datatype-jdk8/2.15.3/jackson-datatype-jdk8-2.15.3.jar:/home/venomcocytus/.m2/repository/com/fasterxml/jackson/datatype/jackson-datatype-jsr310/2.15.3/jackson-datatype-jsr310-2.15.3.jar:/home/venomcocytus/.m2/repository/com/fasterxml/jackson/module/jackson-module-parameter-names/2.15.3/jackson-module-parameter-names-2.15.3.jar:/home/venomcocytus/.m2/repository/org/springframework/boot/spring-boot-starter-tomcat/3.1.5/spring-boot-starter-tomcat-3.1.5.jar:/home/venomcocytus/.m2/repository/org/apache/tomcat/embed/tomcat-embed-core/10.1.15/tomcat-embed-core-10.1.15.jar:/home/venomcocytus/.m2/repository/org/apache/tomcat/embed/tomcat-embed-el/10.1.15/tomcat-embed-el-10.1.15.jar:/home/venomcocytus/.m2/repository/org/apache/tomcat/embed/tomcat-embed-websocket/10.1.15/tomcat-embed-websocket-10.1.15.jar:/home/venomcocytus/.m2/repository/org/springframework/spring-web/6.0.13/spring-web-6.0.13.jar:/home/venomcocytus/.m2/repository/org/springframework/spring-beans/6.0.13/spring-beans-6.0.13.jar:/home/venomcocytus/.m2/repository/io/micrometer/micrometer-observation/1.11.5/micrometer-observation-1.11.5.jar:/home/venomcocytus/.m2/repository/io/micrometer/micrometer-commons/1.11.5/micrometer-commons-1.11.5.jar:/home/venomcocytus/.m2/repository/org/springframework/spring-webmvc/6.0.13/spring-webmvc-6.0.13.jar:/home/venomcocytus/.m2/repository/org/springframework/spring-aop/6.0.13/spring-aop-6.0.13.jar:/home/venomcocytus/.m2/repository/org/springframework/spring-context/6.0.13/spring-context-6.0.13.jar:/home/venomcocytus/.m2/repository/org/springframework/spring-expression/6.0.13/spring-expression-6.0.13.jar:/home/venomcocytus/.m2/repository/org/springframework/boot/spring-boot-starter-data-mongodb/3.1.5/spring-boot-starter-data-mongodb-3.1.5.jar:/home/venomcocytus/.m2/repository/org/mongodb/mongodb-driver-sync/4.9.1/mongodb-driver-sync-4.9.1.jar:/home/venomcocytus/.m2/repository/org/mongodb/bson/4.9.1/bson-4.9.1.jar:/home/venomcocytus/.m2/repository/org/mongodb/mongodb-driver-core/4.9.1/mongodb-driver-core-4.9.1.jar:/home/venomcocytus/.m2/repository/org/mongodb/bson-record-codec/4.9.1/bson-record-codec-4.9.1.jar:/home/venomcocytus/.m2/repository/org/springframework/data/spring-data-mongodb/4.1.5/spring-data-mongodb-4.1.5.jar:/home/venomcocytus/.m2/repository/org/springframework/spring-tx/6.0.13/spring-tx-6.0.13.jar:/home/venomcocytus/.m2/repository/org/springframework/data/spring-data-commons/3.1.5/spring-data-commons-3.1.5.jar:/home/venomcocytus/.m2/repository/org/slf4j/slf4j-api/2.0.9/slf4j-api-2.0.9.jar:/home/venomcocytus/.m2/repository/org/projectlombok/lombok/1.18.30/lombok-1.18.30.jar:/home/venomcocytus/.m2/repository/org/springframework/boot/spring-boot-starter-test/3.1.5/spring-boot-starter-test-3.1.5.jar:/home/venomcocytus/.m2/repository/org/springframework/boot/spring-boot-test/3.1.5/spring-boot-test-3.1.5.jar:/home/venomcocytus/.m2/repository/org/springframework/boot/spring-boot-test-autoconfigure/3.1.5/spring-boot-test-autoconfigure-3.1.5.jar:/home/venomcocytus/.m2/repository/com/jayway/jsonpath/json-path/2.8.0/json-path-2.8.0.jar:/home/venomcocytus/.m2/repository/jakarta/xml/bind/jakarta.xml.bind-api/4.0.1/jakarta.xml.bind-api-4.0.1.jar:/home/venomcocytus/.m2/repository/jakarta/activation/jakarta.activation-api/2.1.2/jakarta.activation-api-2.1.2.jar:/home/venomcocytus/.m2/repository/net/minidev/json-smart/2.4.11/json-smart-2.4.11.jar:/home/venomcocytus/.m2/repository/net/minidev/accessors-smart/2.4.11/accessors-smart-2.4.11.jar:/home/venomcocytus/.m2/repository/org/ow2/asm/asm/9.3/asm-9.3.jar:/home/venomcocytus/.m2/repository/org/assertj/assertj-core/3.24.2/assertj-core-3.24.2.jar:/home/venomcocytus/.m2/repository/net/bytebuddy/byte-buddy/1.14.9/byte-buddy-1.14.9.jar:/home/venomcocytus/.m2/repository/org/hamcrest/hamcrest/2.2/hamcrest-2.2.jar:/home/venomcocytus/.m2/repository/org/junit/jupiter/junit-jupiter/5.9.3/junit-jupiter-5.9.3.jar:/home/venomcocytus/.m2/repository/org/junit/jupiter/junit-jupiter-api/5.9.3/junit-jupiter-api-5.9.3.jar:/home/venomcocytus/.m2/repository/org/opentest4j/opentest4j/1.2.0/opentest4j-1.2.0.jar:/home/venomcocytus/.m2/repository/org/junit/platform/junit-platform-commons/1.9.3/junit-platform-commons-1.9.3.jar:/home/venomcocytus/.m2/repository/org/apiguardian/apiguardian-api/1.1.2/apiguardian-api-1.1.2.jar:/home/venomcocytus/.m2/repository/org/junit/jupiter/junit-jupiter-params/5.9.3/junit-jupiter-params-5.9.3.jar:/home/venomcocytus/.m2/repository/org/junit/jupiter/junit-jupiter-engine/5.9.3/junit-jupiter-engine-5.9.3.jar:/home/venomcocytus/.m2/repository/org/junit/platform/junit-platform-engine/1.9.3/junit-platform-engine-1.9.3.jar:/home/venomcocytus/.m2/repository/org/mockito/mockito-core/5.3.1/mockito-core-5.3.1.jar:/home/venomcocytus/.m2/repository/net/bytebuddy/byte-buddy-agent/1.14.9/byte-buddy-agent-1.14.9.jar:/home/venomcocytus/.m2/repository/org/objenesis/objenesis/3.3/objenesis-3.3.jar:/home/venomcocytus/.m2/repository/org/mockito/mockito-junit-jupiter/5.3.1/mockito-junit-jupiter-5.3.1.jar:/home/venomcocytus/.m2/repository/org/skyscreamer/jsonassert/1.5.1/jsonassert-1.5.1.jar:/home/venomcocytus/.m2/repository/com/vaadin/external/google/android-json/0.0.20131108.vaadin1/android-json-0.0.20131108.vaadin1.jar:/home/venomcocytus/.m2/repository/org/springframework/spring-core/6.0.13/spring-core-6.0.13.jar:/home/venomcocytus/.m2/repository/org/springframework/spring-jcl/6.0.13/spring-jcl-6.0.13.jar:/home/venomcocytus/.m2/repository/org/springframework/spring-test/6.0.13/spring-test-6.0.13.jar:/home/venomcocytus/.m2/repository/org/xmlunit/xmlunit-core/2.9.1/xmlunit-core-2.9.1.jar:"/>
    <property name="java.vm.vendor" value="Amazon.com Inc."/>
    <property name="sun.arch.data.model" value="64"/>
    <property name="java.vendor.url" value="https://aws.amazon.com/corretto/"/>
    <property name="user.timezone" value="Africa/Douala"/>
    <property name="os.name" value="Linux"/>
    <property name="java.vm.specification.version" value="20"/>
    <property name="sun.java.launcher" value="SUN_STANDARD"/>
    <property name="user.country" value="US"/>
    <property name="sun.boot.library.path" value="/home/venomcocytus/.jdks/corretto-20.0.2.1/lib"/>
    <property name="sun.java.command" value="/media/venomcocytus/Neo Venom/Shared Data/Workspace/Database - Backend/SpringBoot/Tresor-Seen/target/surefire/surefirebooter-20231114072917753_3.jar /media/venomcocytus/Neo Venom/Shared Data/Workspace/Database - Backend/SpringBoot/Tresor-Seen/target/surefire 2023-11-14T07-29-16_805-jvmRun1 surefire-20231114072917753_1tmp surefire_0-20231114072917753_2tmp"/>
    <property name="jdk.debug" value="release"/>
    <property name="surefire.test.class.path" value="/media/venomcocytus/Neo Venom/Shared Data/Workspace/Database - Backend/SpringBoot/Tresor-Seen/target/test-classes:/media/venomcocytus/Neo Venom/Shared Data/Workspace/Database - Backend/SpringBoot/Tresor-Seen/target/classes:/home/venomcocytus/.m2/repository/org/springframework/boot/spring-boot-starter-web/3.1.5/spring-boot-starter-web-3.1.5.jar:/home/venomcocytus/.m2/repository/org/springframework/boot/spring-boot-starter/3.1.5/spring-boot-starter-3.1.5.jar:/home/venomcocytus/.m2/repository/org/springframework/boot/spring-boot/3.1.5/spring-boot-3.1.5.jar:/home/venomcocytus/.m2/repository/org/springframework/boot/spring-boot-autoconfigure/3.1.5/spring-boot-autoconfigure-3.1.5.jar:/home/venomcocytus/.m2/repository/org/springframework/boot/spring-boot-starter-logging/3.1.5/spring-boot-starter-logging-3.1.5.jar:/home/venomcocytus/.m2/repository/ch/qos/logback/logback-classic/1.4.11/logback-classic-1.4.11.jar:/home/venomcocytus/.m2/repository/ch/qos/logback/logback-core/1.4.11/logback-core-1.4.11.jar:/home/venomcocytus/.m2/repository/org/apache/logging/log4j/log4j-to-slf4j/2.20.0/log4j-to-slf4j-2.20.0.jar:/home/venomcocytus/.m2/repository/org/apache/logging/log4j/log4j-api/2.20.0/log4j-api-2.20.0.jar:/home/venomcocytus/.m2/repository/org/slf4j/jul-to-slf4j/2.0.9/jul-to-slf4j-2.0.9.jar:/home/venomcocytus/.m2/repository/jakarta/annotation/jakarta.annotation-api/2.1.1/jakarta.annotation-api-2.1.1.jar:/home/venomcocytus/.m2/repository/org/yaml/snakeyaml/1.33/snakeyaml-1.33.jar:/home/venomcocytus/.m2/repository/org/springframework/boot/spring-boot-starter-json/3.1.5/spring-boot-starter-json-3.1.5.jar:/home/venomcocytus/.m2/repository/com/fasterxml/jackson/core/jackson-databind/2.15.3/jackson-databind-2.15.3.jar:/home/venomcocytus/.m2/repository/com/fasterxml/jackson/core/jackson-annotations/2.15.3/jackson-annotations-2.15.3.jar:/home/venomcocytus/.m2/repository/com/fasterxml/jackson/core/jackson-core/2.15.3/jackson-core-2.15.3.jar:/home/venomcocytus/.m2/repository/com/fasterxml/jackson/datatype/jackson-datatype-jdk8/2.15.3/jackson-datatype-jdk8-2.15.3.jar:/home/venomcocytus/.m2/repository/com/fasterxml/jackson/datatype/jackson-datatype-jsr310/2.15.3/jackson-datatype-jsr310-2.15.3.jar:/home/venomcocytus/.m2/repository/com/fasterxml/jackson/module/jackson-module-parameter-names/2.15.3/jackson-module-parameter-names-2.15.3.jar:/home/venomcocytus/.m2/repository/org/springframework/boot/spring-boot-starter-tomcat/3.1.5/spring-boot-starter-tomcat-3.1.5.jar:/home/venomcocytus/.m2/repository/org/apache/tomcat/embed/tomcat-embed-core/10.1.15/tomcat-embed-core-10.1.15.jar:/home/venomcocytus/.m2/repository/org/apache/tomcat/embed/tomcat-embed-el/10.1.15/tomcat-embed-el-10.1.15.jar:/home/venomcocytus/.m2/repository/org/apache/tomcat/embed/tomcat-embed-websocket/10.1.15/tomcat-embed-websocket-10.1.15.jar:/home/venomcocytus/.m2/repository/org/springframework/spring-web/6.0.13/spring-web-6.0.13.jar:/home/venomcocytus/.m2/repository/org/springframework/spring-beans/6.0.13/spring-beans-6.0.13.jar:/home/venomcocytus/.m2/repository/io/micrometer/micrometer-observation/1.11.5/micrometer-observation-1.11.5.jar:/home/venomcocytus/.m2/repository/io/micrometer/micrometer-commons/1.11.5/micrometer-commons-1.11.5.jar:/home/venomcocytus/.m2/repository/org/springframework/spring-webmvc/6.0.13/spring-webmvc-6.0.13.jar:/home/venomcocytus/.m2/repository/org/springframework/spring-aop/6.0.13/spring-aop-6.0.13.jar:/home/venomcocytus/.m2/repository/org/springframework/spring-context/6.0.13/spring-context-6.0.13.jar:/home/venomcocytus/.m2/repository/org/springframework/spring-expression/6.0.13/spring-expression-6.0.13.jar:/home/venomcocytus/.m2/repository/org/springframework/boot/spring-boot-starter-data-mongodb/3.1.5/spring-boot-starter-data-mongodb-3.1.5.jar:/home/venomcocytus/.m2/repository/org/mongodb/mongodb-driver-sync/4.9.1/mongodb-driver-sync-4.9.1.jar:/home/venomcocytus/.m2/repository/org/mongodb/bson/4.9.1/bson-4.9.1.jar:/home/venomcocytus/.m2/repository/org/mongodb/mongodb-driver-core/4.9.1/mongodb-driver-core-4.9.1.jar:/home/venomcocytus/.m2/repository/org/mongodb/bson-record-codec/4.9.1/bson-record-codec-4.9.1.jar:/home/venomcocytus/.m2/repository/org/springframework/data/spring-data-mongodb/4.1.5/spring-data-mongodb-4.1.5.jar:/home/venomcocytus/.m2/repository/org/springframework/spring-tx/6.0.13/spring-tx-6.0.13.jar:/home/venomcocytus/.m2/repository/org/springframework/data/spring-data-commons/3.1.5/spring-data-commons-3.1.5.jar:/home/venomcocytus/.m2/repository/org/slf4j/slf4j-api/2.0.9/slf4j-api-2.0.9.jar:/home/venomcocytus/.m2/repository/org/projectlombok/lombok/1.18.30/lombok-1.18.30.jar:/home/venomcocytus/.m2/repository/org/springframework/boot/spring-boot-starter-test/3.1.5/spring-boot-starter-test-3.1.5.jar:/home/venomcocytus/.m2/repository/org/springframework/boot/spring-boot-test/3.1.5/spring-boot-test-3.1.5.jar:/home/venomcocytus/.m2/repository/org/springframework/boot/spring-boot-test-autoconfigure/3.1.5/spring-boot-test-autoconfigure-3.1.5.jar:/home/venomcocytus/.m2/repository/com/jayway/jsonpath/json-path/2.8.0/json-path-2.8.0.jar:/home/venomcocytus/.m2/repository/jakarta/xml/bind/jakarta.xml.bind-api/4.0.1/jakarta.xml.bind-api-4.0.1.jar:/home/venomcocytus/.m2/repository/jakarta/activation/jakarta.activation-api/2.1.2/jakarta.activation-api-2.1.2.jar:/home/venomcocytus/.m2/repository/net/minidev/json-smart/2.4.11/json-smart-2.4.11.jar:/home/venomcocytus/.m2/repository/net/minidev/accessors-smart/2.4.11/accessors-smart-2.4.11.jar:/home/venomcocytus/.m2/repository/org/ow2/asm/asm/9.3/asm-9.3.jar:/home/venomcocytus/.m2/repository/org/assertj/assertj-core/3.24.2/assertj-core-3.24.2.jar:/home/venomcocytus/.m2/repository/net/bytebuddy/byte-buddy/1.14.9/byte-buddy-1.14.9.jar:/home/venomcocytus/.m2/repository/org/hamcrest/hamcrest/2.2/hamcrest-2.2.jar:/home/venomcocytus/.m2/repository/org/junit/jupiter/junit-jupiter/5.9.3/junit-jupiter-5.9.3.jar:/home/venomcocytus/.m2/repository/org/junit/jupiter/junit-jupiter-api/5.9.3/junit-jupiter-api-5.9.3.jar:/home/venomcocytus/.m2/repository/org/opentest4j/opentest4j/1.2.0/opentest4j-1.2.0.jar:/home/venomcocytus/.m2/repository/org/junit/platform/junit-platform-commons/1.9.3/junit-platform-commons-1.9.3.jar:/home/venomcocytus/.m2/repository/org/apiguardian/apiguardian-api/1.1.2/apiguardian-api-1.1.2.jar:/home/venomcocytus/.m2/repository/org/junit/jupiter/junit-jupiter-params/5.9.3/junit-jupiter-params-5.9.3.jar:/home/venomcocytus/.m2/repository/org/junit/jupiter/junit-jupiter-engine/5.9.3/junit-jupiter-engine-5.9.3.jar:/home/venomcocytus/.m2/repository/org/junit/platform/junit-platform-engine/1.9.3/junit-platform-engine-1.9.3.jar:/home/venomcocytus/.m2/repository/org/mockito/mockito-core/5.3.1/mockito-core-5.3.1.jar:/home/venomcocytus/.m2/repository/net/bytebuddy/byte-buddy-agent/1.14.9/byte-buddy-agent-1.14.9.jar:/home/venomcocytus/.m2/repository/org/objenesis/objenesis/3.3/objenesis-3.3.jar:/home/venomcocytus/.m2/repository/org/mockito/mockito-junit-jupiter/5.3.1/mockito-junit-jupiter-5.3.1.jar:/home/venomcocytus/.m2/repository/org/skyscreamer/jsonassert/1.5.1/jsonassert-1.5.1.jar:/home/venomcocytus/.m2/repository/com/vaadin/external/google/android-json/0.0.20131108.vaadin1/android-json-0.0.20131108.vaadin1.jar:/home/venomcocytus/.m2/repository/org/springframework/spring-core/6.0.13/spring-core-6.0.13.jar:/home/venomcocytus/.m2/repository/org/springframework/spring-jcl/6.0.13/spring-jcl-6.0.13.jar:/home/venomcocytus/.m2/repository/org/springframework/spring-test/6.0.13/spring-test-6.0.13.jar:/home/venomcocytus/.m2/repository/org/xmlunit/xmlunit-core/2.9.1/xmlunit-core-2.9.1.jar:"/>
    <property name="sun.cpu.endian" value="little"/>
    <property name="user.home" value="/home/venomcocytus"/>
    <property name="user.language" value="en"/>
    <property name="java.specification.vendor" value="Oracle Corporation"/>
    <property name="java.version.date" value="2023-08-22"/>
    <property name="java.home" value="/home/venomcocytus/.jdks/corretto-20.0.2.1"/>
    <property name="file.separator" value="/"/>
    <property name="basedir" value="/media/venomcocytus/Neo Venom/Shared Data/Workspace/Database - Backend/SpringBoot/Tresor-Seen"/>
    <property name="java.vm.compressedOopsMode" value="Zero based"/>
    <property name="line.separator" value="&#10;"/>
    <property name="java.vm.specification.vendor" value="Oracle Corporation"/>
    <property name="java.specification.name" value="Java Platform API Specification"/>
    <property name="FILE_LOG_CHARSET" value="UTF-8"/>
    <property name="java.awt.headless" value="true"/>
    <property name="surefire.real.class.path" value="/media/venomcocytus/Neo Venom/Shared Data/Workspace/Database - Backend/SpringBoot/Tresor-Seen/target/surefire/surefirebooter-20231114072917753_3.jar"/>
    <property name="sun.management.compiler" value="HotSpot 64-Bit Tiered Compilers"/>
    <property name="java.runtime.version" value="20.0.2.1+10-FR"/>
    <property name="user.name" value="venomcocytus"/>
    <property name="stdout.encoding" value="UTF-8"/>
    <property name="path.separator" value=":"/>
    <property name="os.version" value="5.10.0-26-amd64"/>
    <property name="java.runtime.name" value="OpenJDK Runtime Environment"/>
    <property name="file.encoding" value="UTF-8"/>
    <property name="java.vm.name" value="OpenJDK 64-Bit Server VM"/>
    <property name="java.vendor.version" value="Corretto-20.0.2.10.1"/>
    <property name="localRepository" value="/home/venomcocytus/.m2/repository"/>
    <property name="java.vendor.url.bug" value="https://github.com/corretto/corretto-20/issues/"/>
    <property name="java.io.tmpdir" value="/tmp"/>
    <property name="idea.version" value="2021.2.1"/>
    <property name="java.version" value="20.0.2.1"/>
    <property name="user.dir" value="/media/venomcocytus/Neo Venom/Shared Data/Workspace/Database - Backend/SpringBoot/Tresor-Seen"/>
    <property name="os.arch" value="amd64"/>
    <property name="java.vm.specification.name" value="Java Virtual Machine Specification"/>
    <property name="PID" value="40206"/>
    <property name="CONSOLE_LOG_CHARSET" value="UTF-8"/>
    <property name="native.encoding" value="UTF-8"/>
    <property name="java.library.path" value="/usr/java/packages/lib:/usr/lib64:/lib64:/lib:/usr/lib"/>
    <property name="java.vm.info" value="mixed mode, sharing"/>
    <property name="stderr.encoding" value="UTF-8"/>
    <property name="java.vendor" value="Amazon.com Inc."/>
    <property name="java.vm.version" value="20.0.2.1+10-FR"/>
    <property name="sun.io.unicode.encoding" value="UnicodeLittle"/>
    <property name="java.class.version" value="64.0"/>
  </properties>
  <testcase name="contextLoads" classname="com.venomclasses.tresorseen.TresorSeenApplicationTests" time="5.766">
    <system-out><![CDATA[07:29:21.528 [main] INFO org.springframework.test.context.support.AnnotationConfigContextLoaderUtils -- Could not detect default configuration classes for test class [com.venomclasses.tresorseen.TresorSeenApplicationTests]: TresorSeenApplicationTests does not declare any static, non-private, non-final, nested classes annotated with @Configuration.
07:29:22.638 [main] INFO org.springframework.boot.test.context.SpringBootTestContextBootstrapper -- Found @SpringBootConfiguration com.venomclasses.tresorseen.TresorSeenApplication for test class com.venomclasses.tresorseen.TresorSeenApplicationTests

  .   ____          _            __ _ _
 /\\ / ___'_ __ _ _(_)_ __  __ _ \ \ \ \
( ( )\___ | '_ | '_| | '_ \/ _` | \ \ \ \
 \\/  ___)| |_)| | | | | || (_| |  ) ) ) )
  '  |____| .__|_| |_|_| |_\__, | / / / /
 =========|_|==============|___/=/_/_/_/
 :: Spring Boot ::                (v3.1.5)

2023-11-14T07:29:27.829+01:00  INFO 40206 --- [           main] c.v.t.TresorSeenApplicationTests         : Starting TresorSeenApplicationTests using Java 20.0.2.1 with PID 40206 (started by venomcocytus in /media/venomcocytus/Neo Venom/Shared Data/Workspace/Database - Backend/SpringBoot/Tresor-Seen)
2023-11-14T07:29:27.831+01:00  INFO 40206 --- [           main] c.v.t.TresorSeenApplicationTests         : No active profile set, falling back to 1 default profile: "default"
2023-11-14T07:29:34.041+01:00  INFO 40206 --- [           main] .s.d.r.c.RepositoryConfigurationDelegate : Bootstrapping Spring Data MongoDB repositories in DEFAULT mode.
2023-11-14T07:29:34.524+01:00  INFO 40206 --- [           main] .s.d.r.c.RepositoryConfigurationDelegate : Finished Spring Data repository scanning in 279 ms. Found 1 MongoDB repository interfaces.
2023-11-14T07:29:40.415+01:00  INFO 40206 --- [           main] org.mongodb.driver.client                : MongoClient with metadata {"driver": {"name": "mongo-java-driver|sync|spring-boot", "version": "4.9.1"}, "os": {"type": "Linux", "name": "Linux", "architecture": "amd64", "version": "5.10.0-26-amd64"}, "platform": "Java/Amazon.com Inc./20.0.2.1+10-FR"} created with settings MongoClientSettings{readPreference=primary, writeConcern=WriteConcern{w=majority, wTimeout=null ms, journal=null}, retryWrites=true, retryReads=true, readConcern=ReadConcern{level=null}, credential=MongoCredential{mechanism=null, userName='nefallan9704', source='admin', password=<hidden>, mechanismProperties=<hidden>}, streamFactoryFactory=null, commandListeners=[], codecRegistry=ProvidersCodecRegistry{codecProviders=[ValueCodecProvider{}, BsonValueCodecProvider{}, DBRefCodecProvider{}, DBObjectCodecProvider{}, DocumentCodecProvider{}, CollectionCodecProvider{}, IterableCodecProvider{}, MapCodecProvider{}, GeoJsonCodecProvider{}, GridFSFileCodecProvider{}, Jsr310CodecProvider{}, JsonObjectCodecProvider{}, BsonCodecProvider{}, EnumCodecProvider{}, com.mongodb.client.model.mql.ExpressionCodecProvider@7cca01a8, com.mongodb.Jep395RecordCodecProvider@462abec3]}, loggerSettings=LoggerSettings{maxDocumentLength=1000}, clusterSettings={hosts=[127.0.0.1:27017], srvHost=cluster0.yn97jco.mongodb.net, srvServiceName=mongodb, mode=MULTIPLE, requiredClusterType=REPLICA_SET, requiredReplicaSetName='atlas-pc7hkm-shard-0', serverSelector='null', clusterListeners='[]', serverSelectionTimeout='30000 ms', localThreshold='30000 ms'}, socketSettings=SocketSettings{connectTimeoutMS=10000, readTimeoutMS=0, receiveBufferSize=0, sendBufferSize=0}, heartbeatSocketSettings=SocketSettings{connectTimeoutMS=10000, readTimeoutMS=10000, receiveBufferSize=0, sendBufferSize=0}, connectionPoolSettings=ConnectionPoolSettings{maxSize=100, minSize=0, maxWaitTimeMS=120000, maxConnectionLifeTimeMS=0, maxConnectionIdleTimeMS=0, maintenanceInitialDelayMS=0, maintenanceFrequencyMS=60000, connectionPoolListeners=[], maxConnecting=2}, serverSettings=ServerSettings{heartbeatFrequencyMS=10000, minHeartbeatFrequencyMS=500, serverListeners='[]', serverMonitorListeners='[]'}, sslSettings=SslSettings{enabled=true, invalidHostNameAllowed=false, context=null}, applicationName='null', compressorList=[], uuidRepresentation=JAVA_LEGACY, serverApi=null, autoEncryptionSettings=null, contextProvider=null}
2023-11-14T07:29:40.448+01:00  INFO 40206 --- [jco.mongodb.net] org.mongodb.driver.cluster               : Adding discovered server ac-i0lldei-shard-00-01.yn97jco.mongodb.net:27017 to client view of cluster
2023-11-14T07:29:40.669+01:00  INFO 40206 --- [jco.mongodb.net] org.mongodb.driver.cluster               : Adding discovered server ac-i0lldei-shard-00-00.yn97jco.mongodb.net:27017 to client view of cluster
2023-11-14T07:29:40.671+01:00  INFO 40206 --- [jco.mongodb.net] org.mongodb.driver.cluster               : Adding discovered server ac-i0lldei-shard-00-02.yn97jco.mongodb.net:27017 to client view of cluster
2023-11-14T07:29:45.347+01:00  INFO 40206 --- [           main] c.v.tresorseen.filter.SimpleCORSFilter   : SimpleCORSFilter init
2023-11-14T07:29:48.344+01:00  INFO 40206 --- [           main] c.v.t.TresorSeenApplicationTests         : Started TresorSeenApplicationTests in 23.551 seconds (process running for 30.399)
2023-11-14T07:29:48.844+01:00  INFO 40206 --- [ngodb.net:27017] org.mongodb.driver.cluster               : Monitor thread successfully connected to server with description ServerDescription{address=ac-i0lldei-shard-00-01.yn97jco.mongodb.net:27017, type=REPLICA_SET_SECONDARY, state=CONNECTED, ok=true, minWireVersion=0, maxWireVersion=17, maxDocumentSize=16777216, logicalSessionTimeoutMinutes=30, roundTripTimeNanos=1257465079, setName='atlas-pc7hkm-shard-0', canonicalAddress=ac-i0lldei-shard-00-01.yn97jco.mongodb.net:27017, hosts=[ac-i0lldei-shard-00-00.yn97jco.mongodb.net:27017, ac-i0lldei-shard-00-02.yn97jco.mongodb.net:27017, ac-i0lldei-shard-00-01.yn97jco.mongodb.net:27017], passives=[], arbiters=[], primary='ac-i0lldei-shard-00-02.yn97jco.mongodb.net:27017', tagSet=TagSet{[Tag{name='nodeType', value='ELECTABLE'}, Tag{name='provider', value='AWS'}, Tag{name='region', value='US_EAST_1'}, Tag{name='workloadType', value='OPERATIONAL'}]}, electionId=null, setVersion=10, topologyVersion=TopologyVersion{processId=65530d76239ed8c5a116b53b, counter=4}, lastWriteDate=Tue Nov 14 07:29:48 WAT 2023, lastUpdateTimeNanos=3703950316888}
2023-11-14T07:29:48.844+01:00  INFO 40206 --- [ngodb.net:27017] org.mongodb.driver.cluster               : Monitor thread successfully connected to server with description ServerDescription{address=ac-i0lldei-shard-00-00.yn97jco.mongodb.net:27017, type=REPLICA_SET_SECONDARY, state=CONNECTED, ok=true, minWireVersion=0, maxWireVersion=17, maxDocumentSize=16777216, logicalSessionTimeoutMinutes=30, roundTripTimeNanos=1256882215, setName='atlas-pc7hkm-shard-0', canonicalAddress=ac-i0lldei-shard-00-00.yn97jco.mongodb.net:27017, hosts=[ac-i0lldei-shard-00-00.yn97jco.mongodb.net:27017, ac-i0lldei-shard-00-02.yn97jco.mongodb.net:27017, ac-i0lldei-shard-00-01.yn97jco.mongodb.net:27017], passives=[], arbiters=[], primary='ac-i0lldei-shard-00-02.yn97jco.mongodb.net:27017', tagSet=TagSet{[Tag{name='nodeType', value='ELECTABLE'}, Tag{name='provider', value='AWS'}, Tag{name='region', value='US_EAST_1'}, Tag{name='workloadType', value='OPERATIONAL'}]}, electionId=null, setVersion=10, topologyVersion=TopologyVersion{processId=654f7a3eaa22bc8f30962c6c, counter=11}, lastWriteDate=Tue Nov 14 07:29:48 WAT 2023, lastUpdateTimeNanos=3703949790211}
2023-11-14T07:29:48.844+01:00  INFO 40206 --- [ngodb.net:27017] org.mongodb.driver.cluster               : Monitor thread successfully connected to server with description ServerDescription{address=ac-i0lldei-shard-00-02.yn97jco.mongodb.net:27017, type=REPLICA_SET_PRIMARY, state=CONNECTED, ok=true, minWireVersion=0, maxWireVersion=17, maxDocumentSize=16777216, logicalSessionTimeoutMinutes=30, roundTripTimeNanos=1238772832, setName='atlas-pc7hkm-shard-0', canonicalAddress=ac-i0lldei-shard-00-02.yn97jco.mongodb.net:27017, hosts=[ac-i0lldei-shard-00-00.yn97jco.mongodb.net:27017, ac-i0lldei-shard-00-02.yn97jco.mongodb.net:27017, ac-i0lldei-shard-00-01.yn97jco.mongodb.net:27017], passives=[], arbiters=[], primary='ac-i0lldei-shard-00-02.yn97jco.mongodb.net:27017', tagSet=TagSet{[Tag{name='nodeType', value='ELECTABLE'}, Tag{name='provider', value='AWS'}, Tag{name='region', value='US_EAST_1'}, Tag{name='workloadType', value='OPERATIONAL'}]}, electionId=7fffffff00000000000000c1, setVersion=10, topologyVersion=TopologyVersion{processId=6552ab164f1bbd83109ddbe6, counter=7}, lastWriteDate=Tue Nov 14 07:29:48 WAT 2023, lastUpdateTimeNanos=3703949899017}
2023-11-14T07:29:48.851+01:00  INFO 40206 --- [ngodb.net:27017] org.mongodb.driver.cluster               : Discovered replica set primary ac-i0lldei-shard-00-02.yn97jco.mongodb.net:27017 with max election id 7fffffff00000000000000c1 and max set version 10
]]></system-out>
  </testcase>
</testsuite>